0 info it worked if it ends with ok
1 verbose cli [ '/usr/local/bin/node', '/usr/local/bin/npm', 'run', 'webpack' ]
2 info using npm@3.10.10
3 info using node@v6.11.3
4 verbose run-script [ 'prewebpack', 'webpack', 'postwebpack' ]
5 info lifecycle react_calculator@0.1.0~prewebpack: react_calculator@0.1.0
6 silly lifecycle react_calculator@0.1.0~prewebpack: no script for prewebpack, continuing
7 info lifecycle react_calculator@0.1.0~webpack: react_calculator@0.1.0
8 verbose lifecycle react_calculator@0.1.0~webpack: unsafe-perm in lifecycle true
9 verbose lifecycle react_calculator@0.1.0~webpack: PATH: /usr/local/lib/node_modules/npm/bin/node-gyp-bin:/Users/BashHome/web_projects/react_calculator/node_modules/.bin:/Library/Frameworks/Python.framework/Versions/3.6/bin:/Users/BashHome/.rvm/gems/ruby-2.3.3/bin:/Users/BashHome/.rvm/gems/ruby-2.3.3@global/bin:/Users/BashHome/.rvm/rubies/ruby-2.3.3/bin:/usr/local/bin:/usr/bin:/bin:/usr/sbin:/sbin:/Library/Frameworks/Python.framework/Versions/3.6/bin:/Users/BashHome/.rvm/gems/ruby-2.3.3/bin:/Users/BashHome/.rvm/gems/ruby-2.3.3@global/bin:/Users/BashHome/.rvm/rubies/ruby-2.3.3/bin:/Users/BashHome/.rvm/bin:/Users/BashHome/.rvm/bin
10 verbose lifecycle react_calculator@0.1.0~webpack: CWD: /Users/BashHome/web_projects/react_calculator
11 silly lifecycle react_calculator@0.1.0~webpack: Args: [ '-c', 'webpack --config=webpack.config.js' ]
12 silly lifecycle react_calculator@0.1.0~webpack: Returned: code: 2  signal: null
13 info lifecycle react_calculator@0.1.0~webpack: Failed to exec webpack script
14 verbose stack Error: react_calculator@0.1.0 webpack: `webpack --config=webpack.config.js`
14 verbose stack Exit status 2
14 verbose stack     at EventEmitter.<anonymous> (/usr/local/lib/node_modules/npm/lib/utils/lifecycle.js:255:16)
14 verbose stack     at emitTwo (events.js:106:13)
14 verbose stack     at EventEmitter.emit (events.js:191:7)
14 verbose stack     at ChildProcess.<anonymous> (/usr/local/lib/node_modules/npm/lib/utils/spawn.js:40:14)
14 verbose stack     at emitTwo (events.js:106:13)
14 verbose stack     at ChildProcess.emit (events.js:191:7)
14 verbose stack     at maybeClose (internal/child_process.js:920:16)
14 verbose stack     at Process.ChildProcess._handle.onexit (internal/child_process.js:230:5)
15 verbose pkgid react_calculator@0.1.0
16 verbose cwd /Users/BashHome/web_projects/react_calculator
17 error Darwin 15.6.0
18 error argv "/usr/local/bin/node" "/usr/local/bin/npm" "run" "webpack"
19 error node v6.11.3
20 error npm  v3.10.10
21 error code ELIFECYCLE
22 error react_calculator@0.1.0 webpack: `webpack --config=webpack.config.js`
22 error Exit status 2
23 error Failed at the react_calculator@0.1.0 webpack script 'webpack --config=webpack.config.js'.
23 error Make sure you have the latest version of node.js and npm installed.
23 error If you do, this is most likely a problem with the react_calculator package,
23 error not with npm itself.
23 error Tell the author that this fails on your system:
23 error     webpack --config=webpack.config.js
23 error You can get information on how to open an issue for this project with:
23 error     npm bugs react_calculator
23 error Or if that isn't available, you can get their info via:
23 error     npm owner ls react_calculator
23 error There is likely additional logging output above.
24 verbose exit [ 1, true ]
